<?xml version="1.0" encoding="UTF-8"?>
<!-- Generated by org.testng.reporters.JUnitReportReporter -->
<testsuite hostname="WS-16454" failures="0" tests="4" name="testAPI.LibraryAPI" time="2.421" errors="0" timestamp="2024-01-20T18:42:37 IST" skipped="0">
  <testcase classname="testAPI.LibraryAPI" name="addBook" time="0.174"/>
  <testcase classname="testAPI.LibraryAPI" name="addBook" time="0.170"/>
  <testcase classname="testAPI.LibraryAPI" name="addBook" time="1.904"/>
  <testcase classname="testAPI.LibraryAPI" name="addBook" time="0.173"/>
</testsuite> <!-- testAPI.LibraryAPI -->
